<?xml version="1.0" encoding="UTF-8"?>
<!-- Generated by org.testng.reporters.JUnitReportReporter -->
<testsuite hostname="DESKTOP-0PCMJHH" failures="0" tests="4" name="com.demos.Parameter" time="0.034" errors="0" timestamp="2023-01-18T21:42:19 CST" skipped="0">
  <testcase classname="com.demos.Parameter" name="testcase" time="0.007"/>
  <system-out/>
  <testcase classname="com.demos.Parameter" name="testcase" time="0.011"/>
  <system-out/>
  <testcase classname="com.demos.Parameter" name="testcase" time="0.011"/>
  <system-out/>
  <testcase classname="com.demos.Parameter" name="testcase" time="0.005"/>
  <system-out/>
</testsuite> <!-- com.demos.Parameter -->
