<?xml version="1.0" encoding="UTF-8"?>
<!-- Generated by org.testng.reporters.JUnitReportReporter -->
<testsuite hostname="DESKTOP-0PCMJHH" failures="0" tests="2" name="com.demos.NewTest" time="1.091" errors="0" timestamp="2023-01-17T20:30:33 CST" skipped="0">
  <testcase classname="com.demos.NewTest" name="testcase1" time="0.148"/>
  <system-out/>
  <testcase classname="com.demos.NewTest" name="testcase2" time="0.943"/>
  <system-out/>
</testsuite> <!-- com.demos.NewTest -->
