<?xml version="1.0" encoding="UTF-8"?>
<!-- Generated by org.testng.reporters.JUnitReportReporter -->
<testsuite hostname="DESKTOP-0PCMJHH" failures="0" tests="3" name="com.demos.SampleTestcase" time="0.852" errors="0" timestamp="2023-01-18T19:34:13 CST" skipped="0">
  <testcase classname="com.demos.SampleTestcase" name="csampleforms" time="0.645"/>
  <system-out/>
  <testcase classname="com.demos.SampleTestcase" name="yenteremail" time="0.102"/>
  <system-out/>
  <testcase classname="com.demos.SampleTestcase" name="xsubject" time="0.105"/>
  <system-out/>
</testsuite> <!-- com.demos.SampleTestcase -->
